2026-06-20 01:00:37 | INFO | Monitor | Monitor started
2026-06-20 01:00:37 | INFO | Monitor | API attempt 1
2026-06-20 01:00:38 | INFO | Monitor | Workers found: 39
2026-06-20 01:00:38 | INFO | Monitor | Detected 1 alert(s), 0 recovery(ies)
2026-06-20 01:07:15 | INFO | Monitor | Monitor started
2026-06-20 01:07:15 | INFO | Monitor | API attempt 1
2026-06-20 01:07:16 | INFO | Monitor | Workers found: 39
2026-06-20 01:07:16 | INFO | Monitor | Detected 0 alert(s), 0 recovery(ies)
2026-06-20 01:07:16 | INFO | Monitor | No state changes detected
2026-06-20 01:07:16 | INFO | Monitor | History updated
2026-06-20 02:07:34 | INFO | Monitor | Monitor started
2026-06-20 02:07:34 | INFO | Monitor | API attempt 1
2026-06-20 02:07:35 | INFO | Monitor | Workers found: 39
2026-06-20 02:07:35 | INFO | Monitor | Detected 0 alert(s), 0 recovery(ies)
2026-06-20 02:07:35 | INFO | Monitor | Healthy: 38/39 | Offline: 1 | Low: 0 | Availability: 97.4%
2026-06-20 02:07:56 | INFO | Monitor | Telegram notification sent
2026-06-20 02:07:56 | INFO | Monitor | History updated
2026-06-20 02:10:15 | INFO | Monitor | Monitor started
2026-06-20 02:10:15 | INFO | Monitor | API attempt 1
2026-06-20 02:10:15 | INFO | Monitor | Workers found: 38
2026-06-20 02:10:15 | INFO | Monitor | Detected 0 alert(s), 0 recovery(ies)
2026-06-20 02:10:15 | INFO | Monitor | Healthy: 37/38 | Offline: 1 | Low: 0 | Availability: 97.4%
2026-06-20 02:10:36 | INFO | Monitor | Telegram notification sent
2026-06-20 02:10:36 | INFO | Monitor | History updated
2026-06-20 12:31:29 | INFO | Monitor | Monitor started
2026-06-20 12:31:29 | INFO | Monitor | API attempt 1
2026-06-20 12:31:30 | INFO | Monitor | Workers found: 38
2026-06-20 12:31:30 | INFO | Monitor | Detected 0 alert(s), 0 recovery(ies)
2026-06-20 12:31:30 | INFO | Monitor | No state changes detected
2026-06-20 12:31:30 | INFO | Monitor | History updated
2026-06-20 13:24:06 | INFO | Monitor | Monitor started
2026-06-20 13:24:06 | INFO | Monitor | API attempt 1
2026-06-20 13:24:07 | INFO | Monitor | Workers found: 38
2026-06-20 13:24:07 | INFO | Monitor | Detected 0 alert(s), 0 recovery(ies)
2026-06-20 13:24:07 | INFO | Monitor | No state changes detected
2026-06-20 13:24:07 | INFO | Monitor | History updated
2026-06-20 18:59:59 | INFO | Monitor | Monitor started
2026-06-20 18:59:59 | INFO | Monitor | API attempt 1
2026-06-20 19:00:00 | INFO | Monitor | Workers found: 38
2026-06-20 19:00:00 | INFO | Monitor | Detected 0 alert(s), 0 recovery(ies)
2026-06-20 19:00:00 | INFO | Monitor | No state changes detected
2026-06-20 19:00:00 | INFO | Monitor | History updated
2026-06-20 23:44:57 | INFO | Monitor | Monitor started
2026-06-20 23:44:57 | INFO | Monitor | API attempt 1
2026-06-20 23:44:58 | INFO | Monitor | Workers found: 38
2026-06-20 23:44:58 | INFO | Monitor | Detected 1 alert(s), 0 recovery(ies)
2026-06-20 23:44:58 | INFO | NotificationService | Sending notification
2026-06-20 23:45:19 | INFO | NotificationService | Telegram notification sent
2026-06-20 23:45:19 | INFO | Monitor | Telegram notification sent
2026-06-20 23:45:19 | INFO | Monitor | History updated
