2026-06-23 08:13:57 | INFO | Dashboard | API attempt 1
2026-06-23 08:13:59 | INFO | Dashboard | API attempt 1
2026-06-23 08:14:28 | INFO | Dashboard | API attempt 1
2026-06-23 08:14:29 | INFO | Dashboard | API attempt 1
2026-06-23 08:14:58 | INFO | Dashboard | API attempt 1
2026-06-23 08:14:59 | INFO | Dashboard | API attempt 1
2026-06-23 08:15:28 | INFO | Dashboard | API attempt 1
2026-06-23 08:15:29 | INFO | Dashboard | API attempt 1
2026-06-23 08:15:58 | INFO | Dashboard | API attempt 1
2026-06-23 08:15:59 | INFO | Dashboard | API attempt 1
2026-06-23 08:16:28 | INFO | Dashboard | API attempt 1
2026-06-23 08:16:29 | INFO | Dashboard | API attempt 1
2026-06-23 08:16:58 | INFO | Dashboard | API attempt 1
2026-06-23 08:16:59 | INFO | Dashboard | API attempt 1
2026-06-23 08:17:28 | INFO | Dashboard | API attempt 1
2026-06-23 08:17:29 | INFO | Dashboard | API attempt 1
2026-06-23 08:17:58 | INFO | Dashboard | API attempt 1
2026-06-23 08:17:59 | INFO | Dashboard | API attempt 1
2026-06-23 08:18:29 | INFO | Dashboard | API attempt 1
2026-06-23 08:18:30 | INFO | Dashboard | API attempt 1
2026-06-23 08:18:59 | INFO | Dashboard | API attempt 1
2026-06-23 08:19:00 | INFO | Dashboard | API attempt 1
2026-06-23 08:19:33 | INFO | Dashboard | API attempt 1
2026-06-23 08:19:34 | INFO | Dashboard | API attempt 1
2026-06-23 08:20:33 | INFO | Dashboard | API attempt 1
2026-06-23 08:20:34 | INFO | Dashboard | API attempt 1
2026-06-23 08:21:33 | INFO | Dashboard | API attempt 1
2026-06-23 08:21:34 | INFO | Dashboard | API attempt 1
2026-06-23 08:22:33 | INFO | Dashboard | API attempt 1
2026-06-23 08:22:34 | INFO | Dashboard | API attempt 1
2026-06-23 08:23:33 | INFO | Dashboard | API attempt 1
2026-06-23 08:23:34 | INFO | Dashboard | API attempt 1
2026-06-23 08:24:33 | INFO | Dashboard | API attempt 1
2026-06-23 08:24:34 | INFO | Dashboard | API attempt 1
2026-06-23 08:25:33 | INFO | Dashboard | API attempt 1
2026-06-23 08:25:34 | INFO | Dashboard | API attempt 1
2026-06-23 09:07:09 | INFO | Monitor | Monitor started
2026-06-23 09:07:09 | INFO | Monitor | API attempt 1
2026-06-23 09:07:11 | INFO | Monitor | Workers found: 38
2026-06-23 09:07:11 | INFO | Monitor | Detected 0 alert(s), 1 recovery(ies)
2026-06-23 09:07:11 | INFO | NotificationService | Sending notification
2026-06-23 09:07:12 | INFO | NotificationService | Telegram notification sent
2026-06-23 09:07:12 | INFO | Monitor | Telegram notification sent
2026-06-23 09:07:12 | INFO | Monitor | History updated
2026-06-23 09:10:03 | INFO | Monitor | Monitor started
2026-06-23 09:10:03 | INFO | Monitor | API attempt 1
2026-06-23 09:10:04 | INFO | Monitor | Workers found: 38
2026-06-23 09:10:04 | INFO | Monitor | Detected 0 alert(s), 0 recovery(ies)
2026-06-23 09:10:04 | INFO | Monitor | No state changes detected
2026-06-23 09:10:04 | INFO | Monitor | History updated
2026-06-23 09:11:46 | INFO | Monitor | Monitor started
2026-06-23 09:11:46 | INFO | Monitor | API attempt 1
2026-06-23 09:11:47 | INFO | Monitor | Workers found: 38
2026-06-23 09:11:47 | INFO | Monitor | Detected 0 alert(s), 0 recovery(ies)
2026-06-23 09:11:47 | INFO | Monitor | No state changes detected
2026-06-23 09:11:47 | INFO | Monitor | History updated
2026-06-23 09:15:52 | INFO | Monitor | Monitor started
2026-06-23 09:15:52 | INFO | Monitor | API attempt 1
2026-06-23 09:15:53 | INFO | Monitor | Workers found: 38
2026-06-23 09:15:53 | INFO | Monitor | Detected 0 alert(s), 0 recovery(ies)
2026-06-23 09:15:53 | INFO | Monitor | No state changes detected
2026-06-23 09:15:53 | INFO | Monitor | History updated
2026-06-23 10:41:04 | INFO | Dashboard | API attempt 1
2026-06-23 10:41:05 | INFO | Dashboard | API attempt 1
2026-06-23 10:41:32 | INFO | Dashboard | API attempt 1
2026-06-23 10:41:33 | INFO | Dashboard | API attempt 1
2026-06-23 10:42:02 | INFO | Dashboard | API attempt 1
2026-06-23 10:42:03 | INFO | Dashboard | API attempt 1
2026-06-23 10:42:32 | INFO | Dashboard | API attempt 1
2026-06-23 10:42:33 | INFO | Dashboard | API attempt 1
2026-06-23 10:43:02 | INFO | Dashboard | API attempt 1
2026-06-23 10:43:03 | INFO | Dashboard | API attempt 1
2026-06-23 10:43:32 | INFO | Dashboard | API attempt 1
2026-06-23 10:43:33 | INFO | Dashboard | API attempt 1
2026-06-23 10:44:02 | INFO | Dashboard | API attempt 1
2026-06-23 10:44:03 | INFO | Dashboard | API attempt 1
2026-06-23 10:44:33 | INFO | Dashboard | API attempt 1
2026-06-23 10:44:34 | INFO | Dashboard | API attempt 1
2026-06-23 10:45:33 | INFO | Dashboard | API attempt 1
2026-06-23 10:45:34 | INFO | Dashboard | API attempt 1
2026-06-23 10:46:33 | INFO | Dashboard | API attempt 1
2026-06-23 10:46:34 | INFO | Dashboard | API attempt 1
2026-06-23 10:47:02 | INFO | Dashboard | API attempt 1
2026-06-23 10:47:03 | INFO | Dashboard | API attempt 1
2026-06-23 10:58:59 | INFO | Dashboard | API attempt 1
2026-06-23 10:59:00 | INFO | Dashboard | API attempt 1
2026-06-23 10:59:27 | INFO | Dashboard | API attempt 1
2026-06-23 10:59:28 | INFO | Dashboard | API attempt 1
2026-06-23 10:59:30 | INFO | Dashboard | API attempt 1
2026-06-23 10:59:30 | INFO | Dashboard | API attempt 1
2026-06-23 10:59:57 | INFO | Dashboard | API attempt 1
2026-06-23 10:59:58 | INFO | Dashboard | API attempt 1
2026-06-23 11:00:00 | INFO | Dashboard | API attempt 1
2026-06-23 11:00:01 | INFO | Dashboard | API attempt 1
2026-06-23 11:00:27 | INFO | Dashboard | API attempt 1
2026-06-23 11:00:28 | INFO | Dashboard | API attempt 1
2026-06-23 11:00:30 | INFO | Dashboard | API attempt 1
2026-06-23 11:00:31 | INFO | Dashboard | API attempt 1
2026-06-23 11:00:57 | INFO | Dashboard | API attempt 1
2026-06-23 11:00:58 | INFO | Dashboard | API attempt 1
2026-06-23 11:01:00 | INFO | Dashboard | API attempt 1
2026-06-23 11:01:01 | INFO | Dashboard | API attempt 1
2026-06-23 11:12:18 | INFO | Dashboard | API attempt 1
2026-06-23 11:12:20 | INFO | Dashboard | API attempt 1
2026-06-23 11:12:49 | INFO | Dashboard | API attempt 1
2026-06-23 11:12:50 | INFO | Dashboard | API attempt 1
2026-06-23 11:13:20 | INFO | Dashboard | API attempt 1
2026-06-23 11:13:21 | INFO | Dashboard | API attempt 1
2026-06-23 11:13:45 | INFO | Dashboard | API attempt 1
2026-06-23 11:13:46 | INFO | Dashboard | API attempt 1
2026-06-23 11:14:12 | INFO | Dashboard | API attempt 1
2026-06-23 11:14:13 | INFO | Dashboard | API attempt 1
2026-06-23 11:14:16 | INFO | Dashboard | API attempt 1
2026-06-23 11:14:16 | INFO | Dashboard | API attempt 1
2026-06-23 11:14:42 | INFO | Dashboard | API attempt 1
2026-06-23 11:14:43 | INFO | Dashboard | API attempt 1
2026-06-23 11:14:46 | INFO | Dashboard | API attempt 1
2026-06-23 11:14:47 | INFO | Dashboard | API attempt 1
2026-06-23 11:15:12 | INFO | Dashboard | API attempt 1
2026-06-23 11:15:13 | INFO | Dashboard | API attempt 1
2026-06-23 11:15:16 | INFO | Dashboard | API attempt 1
2026-06-23 11:15:17 | INFO | Dashboard | API attempt 1
2026-06-23 11:15:42 | INFO | Dashboard | API attempt 1
2026-06-23 11:15:43 | INFO | Dashboard | API attempt 1
2026-06-23 11:23:52 | INFO | Dashboard | API attempt 1
2026-06-23 11:23:53 | INFO | Dashboard | API attempt 1
2026-06-23 11:24:20 | INFO | Dashboard | API attempt 1
2026-06-23 11:24:20 | INFO | Dashboard | API attempt 1
2026-06-23 11:24:21 | INFO | Dashboard | API attempt 1
2026-06-23 11:24:21 | INFO | Dashboard | API attempt 1
2026-06-23 11:24:23 | INFO | Dashboard | API attempt 1
2026-06-23 11:24:24 | INFO | Dashboard | API attempt 1
2026-06-23 11:24:50 | INFO | Dashboard | API attempt 1
2026-06-23 11:24:50 | INFO | Dashboard | API attempt 1
2026-06-23 11:24:51 | INFO | Dashboard | API attempt 1
2026-06-23 11:24:51 | INFO | Dashboard | API attempt 1
2026-06-23 11:24:53 | INFO | Dashboard | API attempt 1
2026-06-23 11:24:54 | INFO | Dashboard | API attempt 1
2026-06-23 11:25:20 | INFO | Dashboard | API attempt 1
2026-06-23 11:25:20 | INFO | Dashboard | API attempt 1
2026-06-23 11:25:21 | INFO | Dashboard | API attempt 1
2026-06-23 11:25:21 | INFO | Dashboard | API attempt 1
2026-06-23 11:25:23 | INFO | Dashboard | API attempt 1
2026-06-23 11:25:24 | INFO | Dashboard | API attempt 1
2026-06-23 11:25:50 | INFO | Dashboard | API attempt 1
2026-06-23 11:25:50 | INFO | Dashboard | API attempt 1
2026-06-23 11:25:51 | INFO | Dashboard | API attempt 1
2026-06-23 11:25:51 | INFO | Dashboard | API attempt 1
2026-06-23 11:25:53 | INFO | Dashboard | API attempt 1
2026-06-23 11:25:54 | INFO | Dashboard | API attempt 1
2026-06-23 11:26:20 | INFO | Dashboard | API attempt 1
2026-06-23 11:26:20 | INFO | Dashboard | API attempt 1
2026-06-23 11:26:21 | INFO | Dashboard | API attempt 1
2026-06-23 11:26:21 | INFO | Dashboard | API attempt 1
2026-06-23 11:26:23 | INFO | Dashboard | API attempt 1
2026-06-23 11:26:24 | INFO | Dashboard | API attempt 1
2026-06-23 12:21:40 | INFO | Dashboard | API attempt 1
2026-06-23 12:22:11 | INFO | Dashboard | API attempt 1
2026-06-23 12:22:41 | INFO | Dashboard | API attempt 1
2026-06-23 12:24:58 | INFO | Dashboard | API attempt 1
2026-06-23 12:24:59 | INFO | Dashboard | API attempt 1
2026-06-23 12:25:29 | INFO | Dashboard | API attempt 1
2026-06-23 12:25:30 | INFO | Dashboard | API attempt 1
2026-06-23 13:42:19 | INFO | Dashboard | API attempt 1
2026-06-23 13:42:21 | INFO | Dashboard | API attempt 1
2026-06-23 13:42:51 | INFO | Dashboard | API attempt 1
2026-06-23 13:42:52 | INFO | Dashboard | API attempt 1
2026-06-23 13:43:21 | INFO | Dashboard | API attempt 1
2026-06-23 13:43:22 | INFO | Dashboard | API attempt 1
2026-06-23 13:43:51 | INFO | Dashboard | API attempt 1
2026-06-23 13:43:52 | INFO | Dashboard | API attempt 1
2026-06-23 13:44:21 | INFO | Dashboard | API attempt 1
2026-06-23 13:44:22 | INFO | Dashboard | API attempt 1
2026-06-23 13:44:49 | INFO | Dashboard | API attempt 1
2026-06-23 13:44:49 | INFO | Dashboard | API attempt 1
2026-06-23 13:44:50 | INFO | Dashboard | API attempt 1
2026-06-23 13:45:00 | INFO | Dashboard | API attempt 1
2026-06-23 13:45:00 | INFO | Dashboard | API attempt 1
2026-06-23 13:45:01 | INFO | Dashboard | API attempt 1
2026-06-23 13:45:05 | INFO | Dashboard | API attempt 1
2026-06-23 13:45:06 | INFO | Dashboard | API attempt 1
2026-06-23 13:45:06 | INFO | Dashboard | API attempt 1
2026-06-23 13:45:10 | INFO | Dashboard | API attempt 1
2026-06-23 13:45:10 | INFO | Dashboard | API attempt 1
2026-06-23 13:45:10 | INFO | Dashboard | API attempt 1
2026-06-23 13:45:19 | INFO | Dashboard | API attempt 1
2026-06-23 13:45:20 | INFO | Dashboard | API attempt 1
2026-06-23 13:45:20 | INFO | Dashboard | API attempt 1
2026-06-23 13:45:49 | INFO | Dashboard | API attempt 1
2026-06-23 13:45:50 | INFO | Dashboard | API attempt 1
2026-06-23 13:45:50 | INFO | Dashboard | API attempt 1
2026-06-23 13:46:20 | INFO | Dashboard | API attempt 1
2026-06-23 13:46:21 | INFO | Dashboard | API attempt 1
2026-06-23 13:46:21 | INFO | Dashboard | API attempt 1
2026-06-23 13:46:50 | INFO | Dashboard | API attempt 1
2026-06-23 13:46:51 | INFO | Dashboard | API attempt 1
2026-06-23 13:46:51 | INFO | Dashboard | API attempt 1
2026-06-23 13:47:20 | INFO | Dashboard | API attempt 1
2026-06-23 13:47:21 | INFO | Dashboard | API attempt 1
2026-06-23 13:47:21 | INFO | Dashboard | API attempt 1
2026-06-23 13:47:50 | INFO | Dashboard | API attempt 1
2026-06-23 13:47:51 | INFO | Dashboard | API attempt 1
2026-06-23 13:47:51 | INFO | Dashboard | API attempt 1
2026-06-23 13:48:33 | INFO | Dashboard | API attempt 1
2026-06-23 13:48:34 | INFO | Dashboard | API attempt 1
2026-06-23 13:48:34 | INFO | Dashboard | API attempt 1
2026-06-23 13:49:33 | INFO | Dashboard | API attempt 1
2026-06-23 13:49:34 | INFO | Dashboard | API attempt 1
2026-06-23 13:49:34 | INFO | Dashboard | API attempt 1
2026-06-23 13:50:33 | INFO | Dashboard | API attempt 1
2026-06-23 13:50:34 | INFO | Dashboard | API attempt 1
2026-06-23 13:50:34 | INFO | Dashboard | API attempt 1
2026-06-23 13:51:33 | INFO | Dashboard | API attempt 1
2026-06-23 13:51:34 | INFO | Dashboard | API attempt 1
2026-06-23 13:51:34 | INFO | Dashboard | API attempt 1
2026-06-23 13:52:33 | INFO | Dashboard | API attempt 1
2026-06-23 13:52:34 | INFO | Dashboard | API attempt 1
2026-06-23 13:52:34 | INFO | Dashboard | API attempt 1
2026-06-23 13:53:33 | INFO | Dashboard | API attempt 1
2026-06-23 13:53:34 | INFO | Dashboard | API attempt 1
2026-06-23 13:53:34 | INFO | Dashboard | API attempt 1
2026-06-23 13:54:33 | INFO | Dashboard | API attempt 1
2026-06-23 13:54:34 | INFO | Dashboard | API attempt 1
2026-06-23 13:54:34 | INFO | Dashboard | API attempt 1
2026-06-23 13:55:33 | INFO | Dashboard | API attempt 1
2026-06-23 13:55:34 | INFO | Dashboard | API attempt 1
2026-06-23 13:55:34 | INFO | Dashboard | API attempt 1
2026-06-23 13:56:33 | INFO | Dashboard | API attempt 1
2026-06-23 13:56:34 | INFO | Dashboard | API attempt 1
2026-06-23 13:56:34 | INFO | Dashboard | API attempt 1
2026-06-23 13:57:01 | INFO | Dashboard | API attempt 1
2026-06-23 13:57:02 | INFO | Dashboard | API attempt 1
2026-06-23 13:57:02 | INFO | Dashboard | API attempt 1
2026-06-23 13:57:20 | INFO | Dashboard | API attempt 1
2026-06-23 13:57:21 | INFO | Dashboard | API attempt 1
2026-06-23 13:57:21 | INFO | Dashboard | API attempt 1
2026-06-23 13:57:50 | INFO | Dashboard | API attempt 1
2026-06-23 13:57:51 | INFO | Dashboard | API attempt 1
2026-06-23 13:57:51 | INFO | Dashboard | API attempt 1
2026-06-23 13:58:33 | INFO | Dashboard | API attempt 1
2026-06-23 13:58:34 | INFO | Dashboard | API attempt 1
2026-06-23 13:58:34 | INFO | Dashboard | API attempt 1
2026-06-23 13:59:33 | INFO | Dashboard | API attempt 1
2026-06-23 13:59:34 | INFO | Dashboard | API attempt 1
2026-06-23 13:59:34 | INFO | Dashboard | API attempt 1
2026-06-23 14:02:20 | INFO | Dashboard | API attempt 1
2026-06-23 14:02:21 | INFO | Dashboard | API attempt 1
2026-06-23 14:02:22 | INFO | Dashboard | API attempt 1
2026-06-23 14:02:50 | INFO | Dashboard | API attempt 1
2026-06-23 14:02:51 | INFO | Dashboard | API attempt 1
2026-06-23 14:02:51 | INFO | Dashboard | API attempt 1
2026-06-23 14:03:20 | INFO | Dashboard | API attempt 1
2026-06-23 14:03:21 | INFO | Dashboard | API attempt 1
2026-06-23 14:03:21 | INFO | Dashboard | API attempt 1
2026-06-23 14:03:50 | INFO | Dashboard | API attempt 1
2026-06-23 14:03:51 | INFO | Dashboard | API attempt 1
2026-06-23 14:03:51 | INFO | Dashboard | API attempt 1
2026-06-23 14:04:11 | INFO | Dashboard | API attempt 1
2026-06-23 14:04:19 | INFO | Dashboard | API attempt 1
2026-06-23 14:04:24 | INFO | Dashboard | API attempt 1
2026-06-23 14:04:29 | INFO | Dashboard | API attempt 1
2026-06-23 14:16:49 | INFO | Dashboard | API attempt 1
2026-06-23 14:16:50 | INFO | Dashboard | API attempt 1
2026-06-23 14:16:55 | INFO | Dashboard | API attempt 1
2026-06-23 14:16:55 | INFO | Dashboard | API attempt 1
2026-06-23 14:16:56 | INFO | Dashboard | API attempt 1
2026-06-23 14:16:58 | INFO | Dashboard | API attempt 1
2026-06-23 14:16:59 | INFO | Dashboard | API attempt 1
2026-06-23 14:17:04 | INFO | Dashboard | API attempt 1
2026-06-23 14:17:04 | INFO | Dashboard | API attempt 1
2026-06-23 14:17:16 | INFO | Dashboard | API attempt 1
2026-06-23 14:17:17 | INFO | Dashboard | API attempt 1
2026-06-23 14:17:21 | INFO | Dashboard | API attempt 1
2026-06-23 14:17:21 | INFO | Dashboard | API attempt 1
2026-06-23 14:17:27 | INFO | Dashboard | API attempt 1
2026-06-23 14:17:28 | INFO | Dashboard | API attempt 1
2026-06-23 14:45:15 | INFO | Dashboard | API attempt 1
2026-06-23 14:45:16 | INFO | Dashboard | API attempt 1
2026-06-23 14:45:23 | INFO | Dashboard | API attempt 1
2026-06-23 14:45:23 | INFO | Dashboard | API attempt 1
2026-06-23 14:45:24 | INFO | Dashboard | API attempt 1
2026-06-23 14:45:34 | INFO | Dashboard | API attempt 1
2026-06-23 14:45:35 | INFO | Dashboard | API attempt 1
2026-06-23 14:45:40 | INFO | Dashboard | API attempt 1
2026-06-23 14:45:41 | INFO | Dashboard | API attempt 1
2026-06-23 14:45:45 | INFO | Dashboard | API attempt 1
2026-06-23 14:45:45 | INFO | Dashboard | API attempt 1
2026-06-23 14:45:45 | INFO | Dashboard | API attempt 1
2026-06-23 14:46:16 | INFO | Dashboard | API attempt 1
2026-06-23 14:46:17 | INFO | Dashboard | API attempt 1
2026-06-23 14:46:17 | INFO | Dashboard | API attempt 1
2026-06-23 14:46:46 | INFO | Dashboard | API attempt 1
2026-06-23 14:46:47 | INFO | Dashboard | API attempt 1
2026-06-23 14:46:47 | INFO | Dashboard | API attempt 1
2026-06-23 14:47:15 | INFO | Dashboard | API attempt 1
2026-06-23 14:47:16 | INFO | Dashboard | API attempt 1
2026-06-23 14:47:16 | INFO | Dashboard | API attempt 1
2026-06-23 14:47:46 | INFO | Dashboard | API attempt 1
2026-06-23 14:47:47 | INFO | Dashboard | API attempt 1
2026-06-23 14:47:47 | INFO | Dashboard | API attempt 1
2026-06-23 14:48:16 | INFO | Dashboard | API attempt 1
2026-06-23 14:48:17 | INFO | Dashboard | API attempt 1
2026-06-23 14:48:17 | INFO | Dashboard | API attempt 1
2026-06-23 14:48:46 | INFO | Dashboard | API attempt 1
2026-06-23 14:48:47 | INFO | Dashboard | API attempt 1
2026-06-23 14:48:47 | INFO | Dashboard | API attempt 1
2026-06-23 14:49:33 | INFO | Dashboard | API attempt 1
2026-06-23 14:49:34 | INFO | Dashboard | API attempt 1
2026-06-23 14:49:35 | INFO | Dashboard | API attempt 1
2026-06-23 14:50:33 | INFO | Dashboard | API attempt 1
2026-06-23 14:50:34 | INFO | Dashboard | API attempt 1
2026-06-23 14:50:34 | INFO | Dashboard | API attempt 1
2026-06-23 14:51:33 | INFO | Dashboard | API attempt 1
2026-06-23 14:51:34 | INFO | Dashboard | API attempt 1
2026-06-23 14:51:34 | INFO | Dashboard | API attempt 1
2026-06-23 14:52:33 | INFO | Dashboard | API attempt 1
2026-06-23 14:52:34 | INFO | Dashboard | API attempt 1
2026-06-23 14:52:34 | INFO | Dashboard | API attempt 1
2026-06-23 14:53:33 | INFO | Dashboard | API attempt 1
2026-06-23 14:53:34 | INFO | Dashboard | API attempt 1
2026-06-23 14:53:34 | INFO | Dashboard | API attempt 1
2026-06-23 14:54:33 | INFO | Dashboard | API attempt 1
2026-06-23 14:54:34 | INFO | Dashboard | API attempt 1
2026-06-23 14:54:34 | INFO | Dashboard | API attempt 1
2026-06-23 14:55:33 | INFO | Dashboard | API attempt 1
2026-06-23 14:55:34 | INFO | Dashboard | API attempt 1
2026-06-23 14:55:34 | INFO | Dashboard | API attempt 1
2026-06-23 14:56:33 | INFO | Dashboard | API attempt 1
2026-06-23 14:56:34 | INFO | Dashboard | API attempt 1
2026-06-23 14:56:34 | INFO | Dashboard | API attempt 1
2026-06-23 14:57:33 | INFO | Dashboard | API attempt 1
2026-06-23 14:57:34 | INFO | Dashboard | API attempt 1
2026-06-23 14:57:34 | INFO | Dashboard | API attempt 1
2026-06-23 14:58:33 | INFO | Dashboard | API attempt 1
2026-06-23 14:58:34 | INFO | Dashboard | API attempt 1
2026-06-23 14:58:34 | INFO | Dashboard | API attempt 1
2026-06-23 14:59:33 | INFO | Dashboard | API attempt 1
2026-06-23 14:59:34 | INFO | Dashboard | API attempt 1
2026-06-23 14:59:34 | INFO | Dashboard | API attempt 1
2026-06-23 15:00:33 | INFO | Dashboard | API attempt 1
2026-06-23 15:00:34 | INFO | Dashboard | API attempt 1
2026-06-23 15:00:35 | INFO | Dashboard | API attempt 1
2026-06-23 15:01:33 | INFO | Dashboard | API attempt 1
2026-06-23 15:01:34 | INFO | Dashboard | API attempt 1
2026-06-23 15:01:35 | INFO | Dashboard | API attempt 1
2026-06-23 15:02:33 | INFO | Dashboard | API attempt 1
2026-06-23 15:02:34 | INFO | Dashboard | API attempt 1
2026-06-23 15:02:34 | INFO | Dashboard | API attempt 1
2026-06-23 15:03:33 | INFO | Dashboard | API attempt 1
2026-06-23 15:03:34 | INFO | Dashboard | API attempt 1
2026-06-23 15:03:35 | INFO | Dashboard | API attempt 1
2026-06-23 15:04:33 | INFO | Dashboard | API attempt 1
2026-06-23 15:04:34 | INFO | Dashboard | API attempt 1
2026-06-23 15:04:35 | INFO | Dashboard | API attempt 1
2026-06-23 15:05:33 | INFO | Dashboard | API attempt 1
2026-06-23 15:05:34 | INFO | Dashboard | API attempt 1
2026-06-23 15:05:34 | INFO | Dashboard | API attempt 1
2026-06-23 15:06:33 | INFO | Dashboard | API attempt 1
2026-06-23 15:06:34 | INFO | Dashboard | API attempt 1
2026-06-23 15:06:35 | INFO | Dashboard | API attempt 1
2026-06-23 15:07:33 | INFO | Dashboard | API attempt 1
2026-06-23 15:07:34 | INFO | Dashboard | API attempt 1
2026-06-23 15:07:34 | INFO | Dashboard | API attempt 1
2026-06-23 15:08:33 | INFO | Dashboard | API attempt 1
2026-06-23 15:08:34 | INFO | Dashboard | API attempt 1
2026-06-23 15:08:35 | INFO | Dashboard | API attempt 1
2026-06-23 15:09:33 | INFO | Dashboard | API attempt 1
2026-06-23 15:09:34 | INFO | Dashboard | API attempt 1
2026-06-23 15:09:35 | INFO | Dashboard | API attempt 1
2026-06-23 15:10:33 | INFO | Dashboard | API attempt 1
2026-06-23 15:10:34 | INFO | Dashboard | API attempt 1
2026-06-23 15:10:34 | INFO | Dashboard | API attempt 1
2026-06-23 15:11:33 | INFO | Dashboard | API attempt 1
2026-06-23 15:11:34 | INFO | Dashboard | API attempt 1
2026-06-23 15:11:35 | INFO | Dashboard | API attempt 1
2026-06-23 15:12:33 | INFO | Dashboard | API attempt 1
2026-06-23 15:12:34 | INFO | Dashboard | API attempt 1
2026-06-23 15:12:34 | INFO | Dashboard | API attempt 1
2026-06-23 15:13:33 | INFO | Dashboard | API attempt 1
2026-06-23 15:13:34 | INFO | Dashboard | API attempt 1
2026-06-23 15:13:35 | INFO | Dashboard | API attempt 1
2026-06-23 15:14:33 | INFO | Dashboard | API attempt 1
2026-06-23 15:14:34 | INFO | Dashboard | API attempt 1
2026-06-23 15:14:34 | INFO | Dashboard | API attempt 1
2026-06-23 15:15:33 | INFO | Dashboard | API attempt 1
2026-06-23 15:15:34 | INFO | Dashboard | API attempt 1
2026-06-23 15:15:34 | INFO | Dashboard | API attempt 1
2026-06-23 15:16:33 | INFO | Dashboard | API attempt 1
2026-06-23 15:16:34 | INFO | Dashboard | API attempt 1
2026-06-23 15:16:34 | INFO | Dashboard | API attempt 1
2026-06-23 15:17:33 | INFO | Dashboard | API attempt 1
2026-06-23 15:17:34 | INFO | Dashboard | API attempt 1
2026-06-23 15:17:35 | INFO | Dashboard | API attempt 1
2026-06-23 15:18:33 | INFO | Dashboard | API attempt 1
2026-06-23 15:18:34 | INFO | Dashboard | API attempt 1
2026-06-23 15:18:35 | INFO | Dashboard | API attempt 1
2026-06-23 15:19:33 | INFO | Dashboard | API attempt 1
2026-06-23 15:19:34 | INFO | Dashboard | API attempt 1
2026-06-23 15:19:34 | INFO | Dashboard | API attempt 1
2026-06-23 15:20:33 | INFO | Dashboard | API attempt 1
2026-06-23 15:20:34 | INFO | Dashboard | API attempt 1
2026-06-23 15:20:34 | INFO | Dashboard | API attempt 1
2026-06-23 15:21:33 | INFO | Dashboard | API attempt 1
2026-06-23 15:21:34 | INFO | Dashboard | API attempt 1
2026-06-23 15:21:34 | INFO | Dashboard | API attempt 1
2026-06-23 15:22:33 | INFO | Dashboard | API attempt 1
2026-06-23 15:22:34 | INFO | Dashboard | API attempt 1
2026-06-23 15:22:34 | INFO | Dashboard | API attempt 1
2026-06-23 15:23:33 | INFO | Dashboard | API attempt 1
2026-06-23 15:23:34 | INFO | Dashboard | API attempt 1
2026-06-23 15:23:34 | INFO | Dashboard | API attempt 1
2026-06-23 15:24:29 | INFO | Dashboard | API attempt 1
2026-06-23 15:24:29 | INFO | Dashboard | API attempt 1
2026-06-23 15:24:30 | INFO | Dashboard | API attempt 1
2026-06-23 15:24:32 | INFO | Dashboard | API attempt 1
2026-06-23 15:24:32 | INFO | Dashboard | API attempt 1
2026-06-23 15:24:33 | INFO | Dashboard | API attempt 1
2026-06-23 15:24:35 | INFO | Dashboard | API attempt 1
2026-06-23 15:24:36 | INFO | Dashboard | API attempt 1
2026-06-23 15:24:41 | INFO | Dashboard | API attempt 1
2026-06-23 15:24:42 | INFO | Dashboard | API attempt 1
2026-06-23 15:24:42 | INFO | Dashboard | API attempt 1
2026-06-23 15:27:23 | INFO | Dashboard | API attempt 1
2026-06-23 15:27:24 | INFO | Dashboard | API attempt 1
2026-06-23 15:27:24 | INFO | Dashboard | API attempt 1
2026-06-23 15:27:27 | INFO | Dashboard | API attempt 1
2026-06-23 15:27:27 | INFO | Dashboard | API attempt 1
