2026-06-19 06:53:50 | INFO | Monitor | Monitor started
2026-06-19 07:46:13 | INFO | Monitor | Monitor started
2026-06-19 07:46:13 | INFO | Monitor | API attempt 1
2026-06-19 07:46:14 | INFO | Monitor | Workers found: 39
2026-06-19 07:46:14 | WARNING | Monitor | alerts=0, recoveries=1
2026-06-19 07:46:15 | INFO | Monitor | Telegram notification sent
2026-06-19 07:46:15 | INFO | Monitor | History updated
2026-06-19 08:23:39 | INFO | Monitor | Monitor started
2026-06-19 08:23:39 | INFO | Monitor | API attempt 1
2026-06-19 08:23:40 | INFO | Monitor | Workers found: 39
2026-06-19 08:23:40 | WARNING | Monitor | alerts=0, recoveries=0
2026-06-19 08:23:40 | INFO | Monitor | No state changes detected
2026-06-19 08:23:40 | INFO | Monitor | History updated
2026-06-19 23:22:15 | INFO | Monitor | Monitor started
2026-06-19 23:22:15 | INFO | Monitor | API attempt 1
2026-06-19 23:22:16 | INFO | Monitor | Workers found: 39
2026-06-19 23:22:16 | WARNING | Monitor | alerts=0, recoveries=0
2026-06-19 23:22:16 | INFO | Monitor | No state changes detected
2026-06-19 23:22:16 | INFO | Monitor | History updated
2026-06-19 23:23:54 | INFO | Monitor | Monitor started
2026-06-19 23:23:54 | INFO | Monitor | API attempt 1
2026-06-19 23:23:55 | INFO | Monitor | Workers found: 39
2026-06-19 23:23:55 | WARNING | Monitor | alerts=0, recoveries=0
2026-06-19 23:23:55 | INFO | Monitor | No state changes detected
2026-06-19 23:23:55 | INFO | Monitor | History updated
2026-06-19 23:54:17 | INFO | Monitor | Monitor started
2026-06-19 23:54:17 | INFO | Monitor | API attempt 1
2026-06-19 23:54:18 | INFO | Monitor | Workers found: 39
2026-06-19 23:54:18 | INFO | Monitor | Detected 0 alert(s), 0 recovery(ies)
2026-06-19 23:54:18 | INFO | Monitor | No state changes detected
2026-06-19 23:54:18 | INFO | Monitor | History updated
